[# 2018-12-27 13:50:50,167 INFO 15502 default GET /api/v1/gitlab/obtener/usuario/366166 #]
[# 2018-12-27 13:51:33,994 INFO 15502 obtenerGitUser obtenerUsuarioGit [ { id: 207,
    name: 'JESSICA SANCHEZ GARCIA',
    username: '366166',
    state: 'blocked',
    avatar_url:
     'https://secure.gravatar.com/avatar/6060237322be707b8f31bf2fce25fd3d?s=80&d=identicon',
    web_url: 'https://10.51.59.27/366166',
    created_at: '2018-12-20T20:25:47.132Z',
    bio: null,
    location: null,
    skype: '',
    linkedin: '',
    twitter: '',
    website_url: '',
    organization: null,
    last_sign_in_at: '2018-12-20T20:25:47.452Z',
    confirmed_at: '2018-12-20T20:25:46.993Z',
    last_activity_on: null,
    email: 'jesanchezga@elektra.com.mx',
    theme_id: 1,
    color_scheme_id: 1,
    projects_limit: 10,
    current_sign_in_at: '2018-12-20T22:35:31.990Z',
    identities: [ [Object] ],
    can_create_group: true,
    can_create_project: true,
    two_factor_enabled: false,
    external: false,
    private_profile: null,
    is_admin: false } ] #]
[# 2018-12-27 13:51:33,994 INFO 15502 obtenerGitUser { cgSalida: 'CI-102',
  descSalida: 'El Usuario ya esta bloqueado' } #]
[# 2018-12-27 13:52:41,154 INFO 15502 obtenerGitUser obtenerUsuarioGit [ { id: 207,
    name: 'JESSICA SANCHEZ GARCIA',
    username: '366166',
    state: 'active',
    avatar_url:
     'https://secure.gravatar.com/avatar/6060237322be707b8f31bf2fce25fd3d?s=80&d=identicon',
    web_url: 'https://10.51.59.27/366166',
    created_at: '2018-12-20T20:25:47.132Z',
    bio: null,
    location: null,
    skype: '',
    linkedin: '',
    twitter: '',
    website_url: '',
    organization: null,
    last_sign_in_at: '2018-12-20T20:25:47.452Z',
    confirmed_at: '2018-12-20T20:25:46.993Z',
    last_activity_on: null,
    email: 'jesanchezga@elektra.com.mx',
    theme_id: 1,
    color_scheme_id: 1,
    projects_limit: 10,
    current_sign_in_at: '2018-12-20T22:35:31.990Z',
    identities: [ [Object] ],
    can_create_group: true,
    can_create_project: true,
    two_factor_enabled: false,
    external: false,
    private_profile: null,
    is_admin: false } ] #]
[# 2018-12-27 13:52:41,228 INFO 15502 obtenerGitUser bloquearUsuario true #]
[# 2018-12-27 13:52:41,228 INFO 15502 obtenerGitUser { cgSalida: 'CI-106',
  descSalida: 'El Usuario ha sido bloqueado' } #]
[# 2018-12-27 13:54:20,001 INFO 15502 obtenerGitUser obtenerUsuarioGit [] #]
[# 2018-12-27 13:54:20,002 INFO 15502 obtenerGitUser { cgSalida: 'CI-103',
  descSalida: 'El Usuario o la contraseña son invalidos' } #]
