[# 2019-01-17 17:23:11,030 INFO 26015 index La applicacion Oath Login App esta corriendo en el puerto: 3000 y en el ambiente de: development. #]
[# 2019-01-17 17:23:11,061 INFO 26015 db Connected to mongodb://localhost/oauth_db.... #]
[# 2019-01-17 17:23:23,176 INFO 26019 index La applicacion Oath Login App esta corriendo en el puerto: 3000 y en el ambiente de: development. #]
[# 2019-01-17 17:23:23,198 INFO 26019 db Connected to mongodb://localhost/oauth_db.... #]
[# 2019-01-17 17:23:24,166 INFO 26025 index La applicacion Oath Login App esta corriendo en el puerto: 3000 y en el ambiente de: development. #]
[# 2019-01-17 17:23:24,197 INFO 26025 db Connected to mongodb://localhost/oauth_db.... #]
[# 2019-01-17 17:23:33,373 INFO 26032 index La applicacion Oath Login App esta corriendo en el puerto: 3000 y en el ambiente de: development. #]
[# 2019-01-17 17:23:33,401 INFO 26032 db Connected to mongodb://localhost/oauth_db.... #]
[# 2019-01-17 17:23:34,997 INFO 26038 index La applicacion Oath Login App esta corriendo en el puerto: 3000 y en el ambiente de: development. #]
[# 2019-01-17 17:23:35,028 INFO 26038 db Connected to mongodb://localhost/oauth_db.... #]
[# 2019-01-17 17:24:26,891 INFO 26090 index La applicacion Oath Login App esta corriendo en el puerto: 3000 y en el ambiente de: development. #]
[# 2019-01-17 17:24:26,922 INFO 26090 db Connected to mongodb://localhost/oauth_db.... #]
[# 2019-01-17 17:24:35,041 INFO 26099 index La applicacion Oath Login App esta corriendo en el puerto: 3000 y en el ambiente de: development. #]
[# 2019-01-17 17:24:35,069 INFO 26099 db Connected to mongodb://localhost/oauth_db.... #]
[# 2019-01-17 17:24:51,943 INFO 26104 index La applicacion Oath Login App esta corriendo en el puerto: 3000 y en el ambiente de: development. #]
[# 2019-01-17 17:24:51,972 INFO 26104 db Connected to mongodb://localhost/oauth_db.... #]
[# 2019-01-17 17:25:56,295 INFO 26163 index La applicacion Oath Login App esta corriendo en el puerto: 3000 y en el ambiente de: development. #]
[# 2019-01-17 17:25:56,323 INFO 26163 db Connected to mongodb://localhost/oauth_db.... #]
[# 2019-01-17 17:25:57,879 INFO 26204 index La applicacion Oath Login App esta corriendo en el puerto: 3000 y en el ambiente de: development. #]
[# 2019-01-17 17:25:57,906 INFO 26204 db Connected to mongodb://localhost/oauth_db.... #]
[# 2019-01-17 17:30:27,288 INFO 26411 index La applicacion Oath Login App esta corriendo en el puerto: 3000 y en el ambiente de: development. #]
[# 2019-01-17 17:30:27,309 INFO 26411 db Connected to mongodb://localhost/oauth_db.... #]
[# 2019-01-17 17:30:28,596 INFO 26414 index La applicacion Oath Login App esta corriendo en el puerto: 3000 y en el ambiente de: development. #]
[# 2019-01-17 17:30:28,635 INFO 26414 db Connected to mongodb://localhost/oauth_db.... #]
[# 2019-01-17 17:30:31,487 INFO 26420 index La applicacion Oath Login App esta corriendo en el puerto: 3000 y en el ambiente de: development. #]
[# 2019-01-17 17:30:31,529 INFO 26420 db Connected to mongodb://localhost/oauth_db.... #]
[# 2019-01-17 17:30:35,692 INFO 26427 index La applicacion Oath Login App esta corriendo en el puerto: 3000 y en el ambiente de: development. #]
[# 2019-01-17 17:30:35,722 INFO 26427 db Connected to mongodb://localhost/oauth_db.... #]
[# 2019-01-17 17:31:13,730 INFO 26437 index La applicacion Oath Login App esta corriendo en el puerto: 3000 y en el ambiente de: development. #]
[# 2019-01-17 17:31:13,768 INFO 26437 db Connected to mongodb://localhost/oauth_db.... #]
[# 2019-01-17 17:31:35,562 INFO 26498 index La applicacion Oath Login App esta corriendo en el puerto: 3000 y en el ambiente de: development. #]
[# 2019-01-17 17:31:35,595 INFO 26498 db Connected to mongodb://localhost/oauth_db.... #]
[# 2019-01-17 17:32:14,750 INFO 26519 index La applicacion Oath Login App esta corriendo en el puerto: 3000 y en el ambiente de: development. #]
[# 2019-01-17 17:32:14,781 INFO 26519 db Connected to mongodb://localhost/oauth_db.... #]
[# 2019-01-17 17:32:21,988 INFO 26560 index La applicacion Oath Login App esta corriendo en el puerto: 3000 y en el ambiente de: development. #]
[# 2019-01-17 17:32:22,015 INFO 26560 db Connected to mongodb://localhost/oauth_db.... #]
[# 2019-01-17 17:32:48,280 INFO 26580 index La applicacion Oath Login App esta corriendo en el puerto: 3000 y en el ambiente de: development. #]
[# 2019-01-17 17:32:48,309 INFO 26580 db Connected to mongodb://localhost/oauth_db.... #]
[# 2019-01-17 17:32:51,086 INFO 26586 index La applicacion Oath Login App esta corriendo en el puerto: 3000 y en el ambiente de: development. #]
[# 2019-01-17 17:32:51,119 INFO 26586 db Connected to mongodb://localhost/oauth_db.... #]
[# 2019-01-17 17:32:53,202 INFO 26592 index La applicacion Oath Login App esta corriendo en el puerto: 3000 y en el ambiente de: development. #]
[# 2019-01-17 17:32:53,230 INFO 26592 db Connected to mongodb://localhost/oauth_db.... #]
[# 2019-01-17 17:32:55,861 INFO 26602 index La applicacion Oath Login App esta corriendo en el puerto: 3000 y en el ambiente de: development. #]
[# 2019-01-17 17:32:55,892 INFO 26602 db Connected to mongodb://localhost/oauth_db.... #]
[# 2019-01-17 17:33:53,269 INFO 26650 index La applicacion Oath Login App esta corriendo en el puerto: 3000 y en el ambiente de: development. #]
[# 2019-01-17 17:33:53,290 INFO 26650 db Connected to mongodb://localhost/oauth_db.... #]
[# 2019-01-17 17:34:54,543 INFO 26650 default GET / #]
[# 2019-01-17 17:37:08,028 INFO 26808 index La applicacion Oath Login App esta corriendo en el puerto: 3000 y en el ambiente de: development. #]
[# 2019-01-17 17:37:08,056 INFO 26808 db Connected to mongodb://localhost/oauth_db.... #]
[# 2019-01-17 17:37:09,894 INFO 26814 index La applicacion Oath Login App esta corriendo en el puerto: 3000 y en el ambiente de: development. #]
[# 2019-01-17 17:37:09,932 INFO 26814 db Connected to mongodb://localhost/oauth_db.... #]
[# 2019-01-17 17:37:11,193 INFO 26817 index La applicacion Oath Login App esta corriendo en el puerto: 3000 y en el ambiente de: development. #]
[# 2019-01-17 17:37:11,224 INFO 26817 db Connected to mongodb://localhost/oauth_db.... #]
[# 2019-01-17 17:37:12,684 INFO 26823 index La applicacion Oath Login App esta corriendo en el puerto: 3000 y en el ambiente de: development. #]
[# 2019-01-17 17:37:12,714 INFO 26823 db Connected to mongodb://localhost/oauth_db.... #]
[# 2019-01-17 17:37:14,698 INFO 26826 index La applicacion Oath Login App esta corriendo en el puerto: 3000 y en el ambiente de: development. #]
[# 2019-01-17 17:37:14,733 INFO 26826 db Connected to mongodb://localhost/oauth_db.... #]
[# 2019-01-17 17:37:26,689 INFO 26826 default GET /oauth2//authorize #]
[# 2019-01-17 17:37:32,133 INFO 26826 default GET /oauth2/authorize #]
[# 2019-01-17 17:38:15,746 INFO 26879 index La applicacion Oath Login App esta corriendo en el puerto: 3000 y en el ambiente de: development. #]
[# 2019-01-17 17:38:15,782 INFO 26879 db Connected to mongodb://localhost/oauth_db.... #]
[# 2019-01-17 17:40:49,404 INFO 27037 index La applicacion Oath Login App esta corriendo en el puerto: 3000 y en el ambiente de: development. #]
[# 2019-01-17 17:40:49,431 INFO 27037 db Connected to mongodb://localhost/oauth2_db.... #]
[# 2019-01-17 17:59:26,865 INFO 28126 index La applicacion Oath Login App esta corriendo en el puerto: 3333 y en el ambiente de: development. #]
[# 2019-01-17 17:59:26,905 INFO 28126 db Connected to mongodb://localhost/oauth2_db.... #]
[# 2019-01-17 18:11:08,930 INFO 28679 index La applicacion Oath Login App esta corriendo en el puerto: 3333 y en el ambiente de: development. #]
[# 2019-01-17 18:11:08,958 INFO 28679 db Connected to mongodb://localhost/oauth2_db.... #]
