[# 2019-01-14 11:42:35,755 INFO 8056 index La applicacion Oath Login App esta corriendo en el puerto: 3000 y en el ambiente de: development. #]
[# 2019-01-14 11:42:35,797 INFO 8056 db Connected to mongodb://localhost/oauth_db.... #]
[# 2019-01-14 11:42:49,696 INFO 8056 default GET / #]
[# 2019-01-14 11:42:49,933 INFO 8056 default GET /favicon.ico #]
[# 2019-01-14 11:43:50,980 INFO 8237 index La applicacion Oath Login App esta corriendo en el puerto: 3000 y en el ambiente de: development. #]
[# 2019-01-14 11:43:50,994 INFO 8237 db Connected to mongodb://localhost/oauth_db.... #]
[# 2019-01-14 11:43:51,614 INFO 8244 index La applicacion Oath Login App esta corriendo en el puerto: 3000 y en el ambiente de: development. #]
[# 2019-01-14 11:43:51,629 INFO 8244 db Connected to mongodb://localhost/oauth_db.... #]
[# 2019-01-14 11:43:55,494 INFO 8244 default GET / #]
[# 2019-01-14 11:43:56,740 INFO 8244 default GET / #]
[# 2019-01-14 11:44:17,001 INFO 8267 index La applicacion Oath Login App esta corriendo en el puerto: 3000 y en el ambiente de: development. #]
[# 2019-01-14 11:44:17,016 INFO 8267 db Connected to mongodb://localhost/oauth_db.... #]
[# 2019-01-14 11:44:42,278 INFO 8267 default GET / #]
[# 2019-01-14 11:45:13,346 INFO 8326 index La applicacion Oath Login App esta corriendo en el puerto: 3000 y en el ambiente de: development. #]
[# 2019-01-14 11:45:13,360 INFO 8326 db Connected to mongodb://localhost/oauth_db.... #]
[# 2019-01-14 11:45:14,532 INFO 8332 index La applicacion Oath Login App esta corriendo en el puerto: 3000 y en el ambiente de: development. #]
[# 2019-01-14 11:45:14,549 INFO 8332 db Connected to mongodb://localhost/oauth_db.... #]
[# 2019-01-14 11:45:16,024 INFO 8342 index La applicacion Oath Login App esta corriendo en el puerto: 3000 y en el ambiente de: development. #]
[# 2019-01-14 11:45:16,047 INFO 8342 db Connected to mongodb://localhost/oauth_db.... #]
[# 2019-01-14 11:45:17,446 INFO 8342 default GET / #]
[# 2019-01-14 11:45:18,693 INFO 8342 default GET / #]
[# 2019-01-14 11:45:18,872 INFO 8342 default GET / #]
[# 2019-01-14 11:54:22,060 INFO 1230 index La applicacion Oath Login App esta corriendo en el puerto: 3000 y en el ambiente de: development. #]
[# 2019-01-14 11:54:23,205 INFO 1237 index La applicacion Oath Login App esta corriendo en el puerto: 3000 y en el ambiente de: development. #]
[# 2019-01-14 11:54:31,495 INFO 1237 default GET / #]
[# 2019-01-14 11:54:32,308 INFO 1237 default GET /favicon.ico #]
[# 2019-01-14 11:54:48,941 INFO 1271 index La applicacion Oath Login App esta corriendo en el puerto: 3000 y en el ambiente de: development. #]
[# 2019-01-14 11:54:49,542 INFO 1277 index La applicacion Oath Login App esta corriendo en el puerto: 3000 y en el ambiente de: development. #]
[# 2019-01-14 11:54:54,540 INFO 1277 default GET / #]
[# 2019-01-14 11:55:00,292 INFO 1291 index La applicacion Oath Login App esta corriendo en el puerto: 3000 y en el ambiente de: development. #]
[# 2019-01-14 11:55:25,730 INFO 1356 index La applicacion Oath Login App esta corriendo en el puerto: 3000 y en el ambiente de: development. #]
[# 2019-01-14 11:55:26,508 INFO 1359 index La applicacion Oath Login App esta corriendo en el puerto: 3000 y en el ambiente de: development. #]
[# 2019-01-14 11:55:32,265 INFO 1405 index La applicacion Oath Login App esta corriendo en el puerto: 3000 y en el ambiente de: development. #]
[# 2019-01-14 11:55:37,298 INFO 1419 index La applicacion Oath Login App esta corriendo en el puerto: 3000 y en el ambiente de: development. #]
[# 2019-01-14 11:55:54,684 INFO 1434 index La applicacion Oath Login App esta corriendo en el puerto: 3000 y en el ambiente de: development. #]
[# 2019-01-14 11:55:59,870 INFO 1447 index La applicacion Oath Login App esta corriendo en el puerto: 3000 y en el ambiente de: development. #]
[# 2019-01-14 11:56:04,040 INFO 1470 index La applicacion Oath Login App esta corriendo en el puerto: 3000 y en el ambiente de: development. #]
[# 2019-01-14 11:56:06,712 INFO 1510 index La applicacion Oath Login App esta corriendo en el puerto: 3000 y en el ambiente de: development. #]
[# 2019-01-14 11:56:10,105 INFO 1510 default GET / #]
[# 2019-01-14 11:56:26,666 INFO 1545 index La applicacion Oath Login App esta corriendo en el puerto: 3000 y en el ambiente de: development. #]
[# 2019-01-14 11:56:28,820 INFO 1562 index La applicacion Oath Login App esta corriendo en el puerto: 3000 y en el ambiente de: development. #]
[# 2019-01-14 11:56:46,735 INFO 1577 index La applicacion Oath Login App esta corriendo en el puerto: 3000 y en el ambiente de: development. #]
[# 2019-01-14 11:56:51,406 INFO 1593 index La applicacion Oath Login App esta corriendo en el puerto: 3000 y en el ambiente de: development. #]
[# 2019-01-14 11:56:54,631 INFO 1607 index La applicacion Oath Login App esta corriendo en el puerto: 3000 y en el ambiente de: development. #]
[# 2019-01-14 11:57:36,087 INFO 1697 index La applicacion Oath Login App esta corriendo en el puerto: 3000 y en el ambiente de: development. #]
[# 2019-01-14 11:57:50,737 INFO 1729 index La applicacion Oath Login App esta corriendo en el puerto: 3000 y en el ambiente de: development. #]
[# 2019-01-14 11:58:02,927 INFO 1751 index La applicacion Oath Login App esta corriendo en el puerto: 3000 y en el ambiente de: development. #]
[# 2019-01-14 11:58:42,102 INFO 1807 index La applicacion Oath Login App esta corriendo en el puerto: 3000 y en el ambiente de: development. #]
[# 2019-01-14 11:59:06,055 INFO 1858 index La applicacion Oath Login App esta corriendo en el puerto: 3000 y en el ambiente de: development. #]
[# 2019-01-14 12:00:01,634 INFO 1973 index La applicacion Oath Login App esta corriendo en el puerto: 3000 y en el ambiente de: development. #]
[# 2019-01-14 12:00:02,365 INFO 1979 index La applicacion Oath Login App esta corriendo en el puerto: 3000 y en el ambiente de: development. #]
[# 2019-01-14 12:00:06,065 INFO 2035 index La applicacion Oath Login App esta corriendo en el puerto: 3000 y en el ambiente de: development. #]
[# 2019-01-14 12:00:06,484 INFO 2041 index La applicacion Oath Login App esta corriendo en el puerto: 3000 y en el ambiente de: development. #]
[# 2019-01-14 12:00:46,944 INFO 2113 index La applicacion Oath Login App esta corriendo en el puerto: 3000 y en el ambiente de: development. #]
[# 2019-01-14 12:00:48,106 INFO 2123 index La applicacion Oath Login App esta corriendo en el puerto: 3000 y en el ambiente de: development. #]
[# 2019-01-14 12:00:52,904 INFO 2132 index La applicacion Oath Login App esta corriendo en el puerto: 3000 y en el ambiente de: development. #]
[# 2019-01-14 12:00:53,714 INFO 2143 index La applicacion Oath Login App esta corriendo en el puerto: 3000 y en el ambiente de: development. #]
[# 2019-01-14 12:00:56,839 INFO 2154 index La applicacion Oath Login App esta corriendo en el puerto: 3000 y en el ambiente de: development. #]
[# 2019-01-14 12:00:58,109 INFO 2157 index La applicacion Oath Login App esta corriendo en el puerto: 3000 y en el ambiente de: development. #]
[# 2019-01-14 12:01:06,096 INFO 2264 index La applicacion Oath Login App esta corriendo en el puerto: 3000 y en el ambiente de: development. #]
[# 2019-01-14 12:01:10,592 INFO 2358 index La applicacion Oath Login App esta corriendo en el puerto: 3000 y en el ambiente de: development. #]
[# 2019-01-14 12:01:11,072 INFO 2365 index La applicacion Oath Login App esta corriendo en el puerto: 3000 y en el ambiente de: development. #]
[# 2019-01-14 12:01:11,701 INFO 2371 index La applicacion Oath Login App esta corriendo en el puerto: 3000 y en el ambiente de: development. #]
[# 2019-01-14 12:01:22,476 INFO 2461 index La applicacion Oath Login App esta corriendo en el puerto: 3000 y en el ambiente de: development. #]
[# 2019-01-14 12:01:26,079 INFO 2474 index La applicacion Oath Login App esta corriendo en el puerto: 3000 y en el ambiente de: development. #]
[# 2019-01-14 12:01:28,767 INFO 2481 index La applicacion Oath Login App esta corriendo en el puerto: 3000 y en el ambiente de: development. #]
[# 2019-01-14 12:01:31,984 INFO 2503 index La applicacion Oath Login App esta corriendo en el puerto: 3000 y en el ambiente de: development. #]
[# 2019-01-14 12:01:32,429 INFO 2509 index La applicacion Oath Login App esta corriendo en el puerto: 3000 y en el ambiente de: development. #]
[# 2019-01-14 12:01:33,044 INFO 2512 index La applicacion Oath Login App esta corriendo en el puerto: 3000 y en el ambiente de: development. #]
[# 2019-01-14 12:01:43,031 INFO 2546 index La applicacion Oath Login App esta corriendo en el puerto: 3000 y en el ambiente de: development. #]
[# 2019-01-14 12:01:45,098 INFO 2560 index La applicacion Oath Login App esta corriendo en el puerto: 3000 y en el ambiente de: development. #]
[# 2019-01-14 12:01:49,328 INFO 2570 index La applicacion Oath Login App esta corriendo en el puerto: 3000 y en el ambiente de: development. #]
[# 2019-01-14 12:01:53,000 INFO 2582 index La applicacion Oath Login App esta corriendo en el puerto: 3000 y en el ambiente de: development. #]
[# 2019-01-14 12:02:00,781 INFO 2599 index La applicacion Oath Login App esta corriendo en el puerto: 3000 y en el ambiente de: development. #]
[# 2019-01-14 12:02:03,368 INFO 2616 index La applicacion Oath Login App esta corriendo en el puerto: 3000 y en el ambiente de: development. #]
[# 2019-01-14 12:02:06,118 INFO 2657 index La applicacion Oath Login App esta corriendo en el puerto: 3000 y en el ambiente de: development. #]
[# 2019-01-14 12:02:08,633 INFO 2670 index La applicacion Oath Login App esta corriendo en el puerto: 3000 y en el ambiente de: development. #]
[# 2019-01-14 12:02:11,200 INFO 2679 index La applicacion Oath Login App esta corriendo en el puerto: 3000 y en el ambiente de: development. #]
[# 2019-01-14 12:02:22,883 INFO 2703 index La applicacion Oath Login App esta corriendo en el puerto: 3000 y en el ambiente de: development. #]
[# 2019-01-14 12:02:24,959 INFO 2720 index La applicacion Oath Login App esta corriendo en el puerto: 3000 y en el ambiente de: development. #]
[# 2019-01-14 12:02:34,335 INFO 2734 index La applicacion Oath Login App esta corriendo en el puerto: 3000 y en el ambiente de: development. #]
[# 2019-01-14 12:02:40,841 INFO 2748 index La applicacion Oath Login App esta corriendo en el puerto: 3000 y en el ambiente de: development. #]
[# 2019-01-14 12:02:42,481 INFO 2758 index La applicacion Oath Login App esta corriendo en el puerto: 3000 y en el ambiente de: development. #]
[# 2019-01-14 12:02:42,801 INFO 2761 index La applicacion Oath Login App esta corriendo en el puerto: 3000 y en el ambiente de: development. #]
[# 2019-01-14 12:03:04,681 INFO 2777 index La applicacion Oath Login App esta corriendo en el puerto: 3000 y en el ambiente de: development. #]
[# 2019-01-14 12:03:06,089 INFO 2824 index La applicacion Oath Login App esta corriendo en el puerto: 3000 y en el ambiente de: development. #]
[# 2019-01-14 12:03:08,263 INFO 2833 index La applicacion Oath Login App esta corriendo en el puerto: 3000 y en el ambiente de: development. #]
[# 2019-01-14 12:03:14,532 INFO 2847 index La applicacion Oath Login App esta corriendo en el puerto: 3000 y en el ambiente de: development. #]
[# 2019-01-14 12:03:17,829 INFO 2854 index La applicacion Oath Login App esta corriendo en el puerto: 3000 y en el ambiente de: development. #]
[# 2019-01-14 12:04:00,597 INFO 2937 index La applicacion Oath Login App esta corriendo en el puerto: 3000 y en el ambiente de: development. #]
[# 2019-01-14 12:04:03,445 INFO 2944 index La applicacion Oath Login App esta corriendo en el puerto: 3000 y en el ambiente de: development. #]
[# 2019-01-14 12:04:36,093 INFO 3009 index La applicacion Oath Login App esta corriendo en el puerto: 3000 y en el ambiente de: development. #]
[# 2019-01-14 12:04:44,001 INFO 3009 default GET /auth/acceder #]
[# 2019-01-14 12:04:55,288 INFO 3038 index La applicacion Oath Login App esta corriendo en el puerto: 3000 y en el ambiente de: development. #]
[# 2019-01-14 12:04:57,736 INFO 3054 index La applicacion Oath Login App esta corriendo en el puerto: 3000 y en el ambiente de: development. #]
[# 2019-01-14 12:05:01,364 INFO 3060 index La applicacion Oath Login App esta corriendo en el puerto: 3000 y en el ambiente de: development. #]
[# 2019-01-14 12:05:31,010 INFO 3060 default GET /auth/ #]
[# 2019-01-14 12:06:06,095 INFO 3206 index La applicacion Oath Login App esta corriendo en el puerto: 3000 y en el ambiente de: development. #]
[# 2019-01-14 12:06:32,954 INFO 3206 default GET /auth/aceder #]
[# 2019-01-14 12:06:43,765 INFO 3308 index La applicacion Oath Login App esta corriendo en el puerto: 3000 y en el ambiente de: development. #]
[# 2019-01-14 12:06:44,695 INFO 3318 index La applicacion Oath Login App esta corriendo en el puerto: 3000 y en el ambiente de: development. #]
[# 2019-01-14 12:06:45,729 INFO 3321 index La applicacion Oath Login App esta corriendo en el puerto: 3000 y en el ambiente de: development. #]
[# 2019-01-14 12:06:57,064 INFO 3335 index La applicacion Oath Login App esta corriendo en el puerto: 3000 y en el ambiente de: development. #]
[# 2019-01-14 12:06:58,253 INFO 3345 index La applicacion Oath Login App esta corriendo en el puerto: 3000 y en el ambiente de: development. #]
[# 2019-01-14 12:07:52,472 INFO 3345 default GET /auth/logout #]
[# 2019-01-14 12:08:20,409 INFO 3345 default GET /auth/logout #]
[# 2019-01-14 15:57:46,857 INFO 11502 index La applicacion Oath Login App esta corriendo en el puerto: 3000 y en el ambiente de: development. #]
[# 2019-01-14 16:55:30,234 INFO 14423 index La applicacion Oath Login App esta corriendo en el puerto: 3000 y en el ambiente de: development. #]
[# 2019-01-14 16:55:31,461 INFO 14426 index La applicacion Oath Login App esta corriendo en el puerto: 3000 y en el ambiente de: development. #]
[# 2019-01-14 16:57:19,362 INFO 14526 index La applicacion Oath Login App esta corriendo en el puerto: 3000 y en el ambiente de: development. #]
[# 2019-01-14 16:57:20,742 INFO 14537 index La applicacion Oath Login App esta corriendo en el puerto: 3000 y en el ambiente de: development. #]
[# 2019-01-14 16:57:24,275 INFO 14543 index La applicacion Oath Login App esta corriendo en el puerto: 3000 y en el ambiente de: development. #]
[# 2019-01-14 16:57:25,757 INFO 14550 index La applicacion Oath Login App esta corriendo en el puerto: 3000 y en el ambiente de: development. #]
[# 2019-01-14 16:57:26,968 INFO 14559 index La applicacion Oath Login App esta corriendo en el puerto: 3000 y en el ambiente de: development. #]
[# 2019-01-14 16:57:34,684 INFO 14573 index La applicacion Oath Login App esta corriendo en el puerto: 3000 y en el ambiente de: development. #]
[# 2019-01-14 16:57:36,863 INFO 14586 index La applicacion Oath Login App esta corriendo en el puerto: 3000 y en el ambiente de: development. #]
[# 2019-01-14 16:57:37,838 INFO 14592 index La applicacion Oath Login App esta corriendo en el puerto: 3000 y en el ambiente de: development. #]
[# 2019-01-14 16:57:41,132 INFO 14599 index La applicacion Oath Login App esta corriendo en el puerto: 3000 y en el ambiente de: development. #]
[# 2019-01-14 16:57:45,733 INFO 14612 index La applicacion Oath Login App esta corriendo en el puerto: 3000 y en el ambiente de: development. #]
[# 2019-01-14 16:57:47,779 INFO 14625 index La applicacion Oath Login App esta corriendo en el puerto: 3000 y en el ambiente de: development. #]
[# 2019-01-14 16:57:49,444 INFO 14631 index La applicacion Oath Login App esta corriendo en el puerto: 3000 y en el ambiente de: development. #]
[# 2019-01-14 16:57:52,438 INFO 14645 index La applicacion Oath Login App esta corriendo en el puerto: 3000 y en el ambiente de: development. #]
[# 2019-01-14 16:58:11,696 INFO 14645 default GET / #]
[# 2019-01-14 16:58:19,400 INFO 14691 index La applicacion Oath Login App esta corriendo en el puerto: 3000 y en el ambiente de: development. #]
[# 2019-01-14 16:58:56,329 INFO 14718 index La applicacion Oath Login App esta corriendo en el puerto: 3000 y en el ambiente de: development. #]
[# 2019-01-14 16:59:19,415 INFO 14770 index La applicacion Oath Login App esta corriendo en el puerto: 3000 y en el ambiente de: development. #]
[# 2019-01-14 17:00:12,819 INFO 14790 index La applicacion Oath Login App esta corriendo en el puerto: 3000 y en el ambiente de: development. #]
[# 2019-01-14 17:00:14,114 INFO 14800 index La applicacion Oath Login App esta corriendo en el puerto: 3000 y en el ambiente de: development. #]
[# 2019-01-14 17:00:15,086 INFO 14843 index La applicacion Oath Login App esta corriendo en el puerto: 3000 y en el ambiente de: development. #]
[# 2019-01-14 17:00:16,246 INFO 14846 index La applicacion Oath Login App esta corriendo en el puerto: 3000 y en el ambiente de: development. #]
[# 2019-01-14 17:00:21,692 INFO 14860 index La applicacion Oath Login App esta corriendo en el puerto: 3000 y en el ambiente de: development. #]
[# 2019-01-14 17:00:22,830 INFO 14866 index La applicacion Oath Login App esta corriendo en el puerto: 3000 y en el ambiente de: development. #]
[# 2019-01-14 17:00:24,183 INFO 14869 index La applicacion Oath Login App esta corriendo en el puerto: 3000 y en el ambiente de: development. #]
[# 2019-01-14 17:00:25,355 INFO 14882 index La applicacion Oath Login App esta corriendo en el puerto: 3000 y en el ambiente de: development. #]
[# 2019-01-14 17:00:26,708 INFO 14891 index La applicacion Oath Login App esta corriendo en el puerto: 3000 y en el ambiente de: development. #]
[# 2019-01-14 17:01:19,484 INFO 14946 index La applicacion Oath Login App esta corriendo en el puerto: 3000 y en el ambiente de: development. #]
[# 2019-01-14 17:13:59,250 INFO 15710 index La applicacion Oath Login App esta corriendo en el puerto: 3000 y en el ambiente de: development. #]
[# 2019-01-14 17:13:59,391 INFO 15710 db Connected to mongodb://localhost/oauth_db.... #]
[# 2019-01-14 17:18:07,813 INFO 15926 index La applicacion Oath Login App esta corriendo en el puerto: 3000 y en el ambiente de: development. #]
[# 2019-01-14 17:18:07,837 INFO 15926 db Connected to mongodb://localhost/oauth_db.... #]
[# 2019-01-14 17:19:08,679 INFO 15979 index La applicacion Oath Login App esta corriendo en el puerto: 3000 y en el ambiente de: development. #]
[# 2019-01-14 17:19:08,699 INFO 15979 db Connected to mongodb://localhost/oauth_db.... #]
[# 2019-01-14 17:20:18,278 INFO 16042 index La applicacion Oath Login App esta corriendo en el puerto: 3000 y en el ambiente de: development. #]
[# 2019-01-14 17:20:18,316 INFO 16042 db Connected to mongodb://localhost/oauth_db.... #]
[# 2019-01-14 17:21:05,351 INFO 16104 index La applicacion Oath Login App esta corriendo en el puerto: 3000 y en el ambiente de: development. #]
[# 2019-01-14 17:21:05,369 INFO 16104 db Connected to mongodb://localhost/oauth_db.... #]
[# 2019-01-14 17:21:14,290 INFO 16116 index La applicacion Oath Login App esta corriendo en el puerto: 3000 y en el ambiente de: development. #]
[# 2019-01-14 17:21:14,305 INFO 16116 db Connected to mongodb://localhost/oauth_db.... #]
[# 2019-01-14 17:21:15,227 INFO 16120 index La applicacion Oath Login App esta corriendo en el puerto: 3000 y en el ambiente de: development. #]
[# 2019-01-14 17:21:15,248 INFO 16120 db Connected to mongodb://localhost/oauth_db.... #]
[# 2019-01-14 17:22:49,551 INFO 16224 index La applicacion Oath Login App esta corriendo en el puerto: 3000 y en el ambiente de: development. #]
[# 2019-01-14 17:22:49,571 INFO 16224 db Connected to mongodb://localhost/oauth_db.... #]
[# 2019-01-14 17:22:50,776 INFO 16234 index La applicacion Oath Login App esta corriendo en el puerto: 3000 y en el ambiente de: development. #]
[# 2019-01-14 17:22:50,793 INFO 16234 db Connected to mongodb://localhost/oauth_db.... #]
[# 2019-01-14 17:23:07,507 INFO 16258 index La applicacion Oath Login App esta corriendo en el puerto: 3000 y en el ambiente de: development. #]
[# 2019-01-14 17:23:07,523 INFO 16258 db Connected to mongodb://localhost/oauth_db.... #]
[# 2019-01-14 17:23:21,473 INFO 16305 index La applicacion Oath Login App esta corriendo en el puerto: 3000 y en el ambiente de: development. #]
[# 2019-01-14 17:23:21,495 INFO 16305 db Connected to mongodb://localhost/oauth_db.... #]
[# 2019-01-14 17:23:23,176 INFO 16318 index La applicacion Oath Login App esta corriendo en el puerto: 3000 y en el ambiente de: development. #]
[# 2019-01-14 17:23:23,192 INFO 16318 db Connected to mongodb://localhost/oauth_db.... #]
[# 2019-01-14 17:23:24,634 INFO 16321 index La applicacion Oath Login App esta corriendo en el puerto: 3000 y en el ambiente de: development. #]
[# 2019-01-14 17:23:24,649 INFO 16321 db Connected to mongodb://localhost/oauth_db.... #]
[# 2019-01-14 17:24:19,069 INFO 16344 index La applicacion Oath Login App esta corriendo en el puerto: 3000 y en el ambiente de: development. #]
[# 2019-01-14 17:24:19,083 INFO 16344 db Connected to mongodb://localhost/oauth_db.... #]
[# 2019-01-14 17:24:21,915 INFO 16393 index La applicacion Oath Login App esta corriendo en el puerto: 3000 y en el ambiente de: development. #]
[# 2019-01-14 17:24:21,930 INFO 16393 db Connected to mongodb://localhost/oauth_db.... #]
[# 2019-01-14 17:24:23,193 INFO 16396 index La applicacion Oath Login App esta corriendo en el puerto: 3000 y en el ambiente de: development. #]
[# 2019-01-14 17:24:23,207 INFO 16396 db Connected to mongodb://localhost/oauth_db.... #]
[# 2019-01-14 17:24:27,594 INFO 16408 index La applicacion Oath Login App esta corriendo en el puerto: 3000 y en el ambiente de: development. #]
[# 2019-01-14 17:24:27,609 INFO 16408 db Connected to mongodb://localhost/oauth_db.... #]
[# 2019-01-14 17:24:28,756 INFO 16412 index La applicacion Oath Login App esta corriendo en el puerto: 3000 y en el ambiente de: development. #]
[# 2019-01-14 17:24:28,773 INFO 16412 db Connected to mongodb://localhost/oauth_db.... #]
[# 2019-01-14 17:24:30,412 INFO 16425 index La applicacion Oath Login App esta corriendo en el puerto: 3000 y en el ambiente de: development. #]
[# 2019-01-14 17:24:30,427 INFO 16425 db Connected to mongodb://localhost/oauth_db.... #]
[# 2019-01-14 17:24:31,491 INFO 16431 index La applicacion Oath Login App esta corriendo en el puerto: 3000 y en el ambiente de: development. #]
[# 2019-01-14 17:24:31,508 INFO 16431 db Connected to mongodb://localhost/oauth_db.... #]
[# 2019-01-14 17:24:32,846 INFO 16434 index La applicacion Oath Login App esta corriendo en el puerto: 3000 y en el ambiente de: development. #]
[# 2019-01-14 17:24:32,863 INFO 16434 db Connected to mongodb://localhost/oauth_db.... #]
[# 2019-01-14 17:24:45,825 INFO 16447 index La applicacion Oath Login App esta corriendo en el puerto: 3000 y en el ambiente de: development. #]
[# 2019-01-14 17:24:45,840 INFO 16447 db Connected to mongodb://localhost/oauth_db.... #]
[# 2019-01-14 17:24:53,030 INFO 16467 index La applicacion Oath Login App esta corriendo en el puerto: 3000 y en el ambiente de: development. #]
[# 2019-01-14 17:24:53,045 INFO 16467 db Connected to mongodb://localhost/oauth_db.... #]
[# 2019-01-14 17:25:01,669 INFO 16484 index La applicacion Oath Login App esta corriendo en el puerto: 3000 y en el ambiente de: development. #]
[# 2019-01-14 17:25:01,684 INFO 16484 db Connected to mongodb://localhost/oauth_db.... #]
[# 2019-01-14 17:25:19,727 INFO 16496 index La applicacion Oath Login App esta corriendo en el puerto: 3000 y en el ambiente de: development. #]
[# 2019-01-14 17:25:19,744 INFO 16496 db Connected to mongodb://localhost/oauth_db.... #]
[# 2019-01-14 17:26:00,544 INFO 16552 index La applicacion Oath Login App esta corriendo en el puerto: 3000 y en el ambiente de: development. #]
[# 2019-01-14 17:26:00,559 INFO 16552 db Connected to mongodb://localhost/oauth_db.... #]
[# 2019-01-14 17:26:02,089 INFO 16563 index La applicacion Oath Login App esta corriendo en el puerto: 3000 y en el ambiente de: development. #]
[# 2019-01-14 17:26:02,105 INFO 16563 db Connected to mongodb://localhost/oauth_db.... #]
[# 2019-01-14 17:26:14,213 INFO 16602 index La applicacion Oath Login App esta corriendo en el puerto: 3000 y en el ambiente de: development. #]
[# 2019-01-14 17:26:14,233 INFO 16602 db Connected to mongodb://localhost/oauth_db.... #]
[# 2019-01-14 17:26:19,207 INFO 16625 index La applicacion Oath Login App esta corriendo en el puerto: 3000 y en el ambiente de: development. #]
[# 2019-01-14 17:26:19,221 INFO 16625 db Connected to mongodb://localhost/oauth_db.... #]
[# 2019-01-14 17:26:25,172 INFO 16682 index La applicacion Oath Login App esta corriendo en el puerto: 3000 y en el ambiente de: development. #]
[# 2019-01-14 17:26:25,209 INFO 16682 db Connected to mongodb://localhost/oauth_db.... #]
[# 2019-01-14 17:26:27,718 INFO 16695 index La applicacion Oath Login App esta corriendo en el puerto: 3000 y en el ambiente de: development. #]
[# 2019-01-14 17:26:27,742 INFO 16695 db Connected to mongodb://localhost/oauth_db.... #]
[# 2019-01-14 17:26:28,438 INFO 16701 index La applicacion Oath Login App esta corriendo en el puerto: 3000 y en el ambiente de: development. #]
[# 2019-01-14 17:26:28,459 INFO 16701 db Connected to mongodb://localhost/oauth_db.... #]
[# 2019-01-14 17:26:34,205 INFO 16718 index La applicacion Oath Login App esta corriendo en el puerto: 3000 y en el ambiente de: development. #]
[# 2019-01-14 17:26:34,229 INFO 16718 db Connected to mongodb://localhost/oauth_db.... #]
[# 2019-01-14 17:26:49,875 INFO 16732 index La applicacion Oath Login App esta corriendo en el puerto: 3000 y en el ambiente de: development. #]
[# 2019-01-14 17:26:49,896 INFO 16732 db Connected to mongodb://localhost/oauth_db.... #]
[# 2019-01-14 17:27:26,551 INFO 16789 index La applicacion Oath Login App esta corriendo en el puerto: 3000 y en el ambiente de: development. #]
[# 2019-01-14 17:27:26,572 INFO 16789 db Connected to mongodb://localhost/oauth_db.... #]
[# 2019-01-14 17:27:29,938 INFO 16803 index La applicacion Oath Login App esta corriendo en el puerto: 3000 y en el ambiente de: development. #]
[# 2019-01-14 17:27:29,962 INFO 16803 db Connected to mongodb://localhost/oauth_db.... #]
[# 2019-01-14 17:27:49,627 INFO 16816 index La applicacion Oath Login App esta corriendo en el puerto: 3000 y en el ambiente de: development. #]
[# 2019-01-14 17:27:49,651 INFO 16816 db Connected to mongodb://localhost/oauth_db.... #]
[# 2019-01-14 17:29:05,910 INFO 16883 index La applicacion Oath Login App esta corriendo en el puerto: 3000 y en el ambiente de: development. #]
[# 2019-01-14 17:29:05,939 INFO 16883 db Connected to mongodb://localhost/oauth_db.... #]
[# 2019-01-14 17:29:08,219 INFO 16895 index La applicacion Oath Login App esta corriendo en el puerto: 3000 y en el ambiente de: development. #]
[# 2019-01-14 17:29:08,240 INFO 16895 db Connected to mongodb://localhost/oauth_db.... #]
[# 2019-01-14 17:29:09,196 INFO 16902 index La applicacion Oath Login App esta corriendo en el puerto: 3000 y en el ambiente de: development. #]
[# 2019-01-14 17:29:09,219 INFO 16902 db Connected to mongodb://localhost/oauth_db.... #]
[# 2019-01-14 17:29:10,465 INFO 16905 index La applicacion Oath Login App esta corriendo en el puerto: 3000 y en el ambiente de: development. #]
[# 2019-01-14 17:29:10,521 INFO 16905 db Connected to mongodb://localhost/oauth_db.... #]
[# 2019-01-14 17:31:22,375 INFO 17028 index La applicacion Oath Login App esta corriendo en el puerto: 3000 y en el ambiente de: development. #]
[# 2019-01-14 17:31:22,396 INFO 17028 db Connected to mongodb://localhost/oauth_db.... #]
[# 2019-01-14 17:31:35,370 INFO 17078 index La applicacion Oath Login App esta corriendo en el puerto: 3000 y en el ambiente de: development. #]
[# 2019-01-14 17:31:35,390 INFO 17078 db Connected to mongodb://localhost/oauth_db.... #]
[# 2019-01-14 17:31:36,656 INFO 17082 index La applicacion Oath Login App esta corriendo en el puerto: 3000 y en el ambiente de: development. #]
[# 2019-01-14 17:31:36,679 INFO 17082 db Connected to mongodb://localhost/oauth_db.... #]
[# 2019-01-14 17:31:37,955 INFO 17093 index La applicacion Oath Login App esta corriendo en el puerto: 3000 y en el ambiente de: development. #]
[# 2019-01-14 17:31:37,976 INFO 17093 db Connected to mongodb://localhost/oauth_db.... #]
[# 2019-01-14 17:31:39,545 INFO 17103 index La applicacion Oath Login App esta corriendo en el puerto: 3000 y en el ambiente de: development. #]
[# 2019-01-14 17:31:39,566 INFO 17103 db Connected to mongodb://localhost/oauth_db.... #]
[# 2019-01-14 17:31:42,790 INFO 17116 index La applicacion Oath Login App esta corriendo en el puerto: 3000 y en el ambiente de: development. #]
[# 2019-01-14 17:31:42,812 INFO 17116 db Connected to mongodb://localhost/oauth_db.... #]
[# 2019-01-14 17:31:44,806 INFO 17122 index La applicacion Oath Login App esta corriendo en el puerto: 3000 y en el ambiente de: development. #]
[# 2019-01-14 17:31:44,828 INFO 17122 db Connected to mongodb://localhost/oauth_db.... #]
[# 2019-01-14 17:31:48,515 INFO 17133 index La applicacion Oath Login App esta corriendo en el puerto: 3000 y en el ambiente de: development. #]
[# 2019-01-14 17:31:48,538 INFO 17133 db Connected to mongodb://localhost/oauth_db.... #]
[# 2019-01-14 17:31:50,855 INFO 17141 index La applicacion Oath Login App esta corriendo en el puerto: 3000 y en el ambiente de: development. #]
[# 2019-01-14 17:31:50,876 INFO 17141 db Connected to mongodb://localhost/oauth_db.... #]
[# 2019-01-14 17:31:53,744 INFO 17153 index La applicacion Oath Login App esta corriendo en el puerto: 3000 y en el ambiente de: development. #]
[# 2019-01-14 17:31:53,766 INFO 17153 db Connected to mongodb://localhost/oauth_db.... #]
[# 2019-01-14 17:32:03,364 INFO 17165 index La applicacion Oath Login App esta corriendo en el puerto: 3000 y en el ambiente de: development. #]
[# 2019-01-14 17:32:03,384 INFO 17165 db Connected to mongodb://localhost/oauth_db.... #]
[# 2019-01-14 17:32:09,107 INFO 17179 index La applicacion Oath Login App esta corriendo en el puerto: 3000 y en el ambiente de: development. #]
[# 2019-01-14 17:32:09,132 INFO 17179 db Connected to mongodb://localhost/oauth_db.... #]
[# 2019-01-14 17:32:18,871 INFO 17199 index La applicacion Oath Login App esta corriendo en el puerto: 3000 y en el ambiente de: development. #]
[# 2019-01-14 17:32:18,897 INFO 17199 db Connected to mongodb://localhost/oauth_db.... #]
[# 2019-01-14 17:32:25,416 INFO 17257 index La applicacion Oath Login App esta corriendo en el puerto: 3000 y en el ambiente de: development. #]
[# 2019-01-14 17:32:25,436 INFO 17257 db Connected to mongodb://localhost/oauth_db.... #]
[# 2019-01-14 17:32:32,533 INFO 17309 index La applicacion Oath Login App esta corriendo en el puerto: 3000 y en el ambiente de: development. #]
[# 2019-01-14 17:32:32,554 INFO 17309 db Connected to mongodb://localhost/oauth_db.... #]
[# 2019-01-14 17:32:34,677 INFO 17348 index La applicacion Oath Login App esta corriendo en el puerto: 3000 y en el ambiente de: development. #]
[# 2019-01-14 17:32:34,698 INFO 17348 db Connected to mongodb://localhost/oauth_db.... #]
[# 2019-01-14 17:32:42,645 INFO 17372 index La applicacion Oath Login App esta corriendo en el puerto: 3000 y en el ambiente de: development. #]
[# 2019-01-14 17:32:42,666 INFO 17372 db Connected to mongodb://localhost/oauth_db.... #]
[# 2019-01-14 17:32:46,167 INFO 17383 index La applicacion Oath Login App esta corriendo en el puerto: 3000 y en el ambiente de: development. #]
[# 2019-01-14 17:32:46,190 INFO 17383 db Connected to mongodb://localhost/oauth_db.... #]
[# 2019-01-14 17:32:47,781 INFO 17390 index La applicacion Oath Login App esta corriendo en el puerto: 3000 y en el ambiente de: development. #]
[# 2019-01-14 17:32:47,804 INFO 17390 db Connected to mongodb://localhost/oauth_db.... #]
[# 2019-01-14 17:32:54,343 INFO 17403 index La applicacion Oath Login App esta corriendo en el puerto: 3000 y en el ambiente de: development. #]
[# 2019-01-14 17:32:54,371 INFO 17403 db Connected to mongodb://localhost/oauth_db.... #]
[# 2019-01-14 17:32:55,584 INFO 17413 index La applicacion Oath Login App esta corriendo en el puerto: 3000 y en el ambiente de: development. #]
[# 2019-01-14 17:32:55,603 INFO 17413 db Connected to mongodb://localhost/oauth_db.... #]
[# 2019-01-14 17:33:06,299 INFO 17425 index La applicacion Oath Login App esta corriendo en el puerto: 3000 y en el ambiente de: development. #]
[# 2019-01-14 17:33:06,320 INFO 17425 db Connected to mongodb://localhost/oauth_db.... #]
[# 2019-01-14 17:33:08,383 INFO 17442 index La applicacion Oath Login App esta corriendo en el puerto: 3000 y en el ambiente de: development. #]
[# 2019-01-14 17:33:08,411 INFO 17442 db Connected to mongodb://localhost/oauth_db.... #]
[# 2019-01-14 17:33:13,783 INFO 17455 index La applicacion Oath Login App esta corriendo en el puerto: 3000 y en el ambiente de: development. #]
[# 2019-01-14 17:33:13,805 INFO 17455 db Connected to mongodb://localhost/oauth_db.... #]
[# 2019-01-14 17:33:19,658 INFO 17466 index La applicacion Oath Login App esta corriendo en el puerto: 3000 y en el ambiente de: development. #]
[# 2019-01-14 17:33:19,679 INFO 17466 db Connected to mongodb://localhost/oauth_db.... #]
[# 2019-01-14 17:35:48,440 INFO 17742 index La applicacion Oath Login App esta corriendo en el puerto: 3000 y en el ambiente de: development. #]
[# 2019-01-14 17:35:48,470 INFO 17742 db Connected to mongodb://localhost/oauth_db.... #]
[# 2019-01-14 17:36:18,481 INFO 17742 default GET / #]
[# 2019-01-14 17:36:18,486 INFO 17742 default GET / #]
[# 2019-01-14 17:36:21,345 INFO 17760 index La applicacion Oath Login App esta corriendo en el puerto: 3000 y en el ambiente de: development. #]
[# 2019-01-14 17:36:21,366 INFO 17760 db Connected to mongodb://localhost/oauth_db.... #]
